{"/home/joao/code/testJB/src/controllers/productController.js": {"path":"/home/joao/code/testJB/src/controllers/productController.js","statementMap":{"0":{"start":{"line":7,"column":35},"end":{"line":7,"column":43}},"1":{"start":{"line":9,"column":4},"end":{"line":20,"column":5}},"2":{"start":{"line":10,"column":19},"end":{"line":10,"column":42}},"3":{"start":{"line":11,"column":22},"end":{"line":15,"column":8}},"4":{"start":{"line":17,"column":6},"end":{"line":17,"column":57}},"5":{"start":{"line":19,"column":6},"end":{"line":19,"column":71}},"6":{"start":{"line":24,"column":19},"end":{"line":24,"column":29}},"7":{"start":{"line":25,"column":35},"end":{"line":25,"column":43}},"8":{"start":{"line":27,"column":4},"end":{"line":39,"column":5}},"9":{"start":{"line":28,"column":19},"end":{"line":28,"column":42}},"10":{"start":{"line":29,"column":22},"end":{"line":34,"column":8}},"11":{"start":{"line":36,"column":6},"end":{"line":36,"column":57}},"12":{"start":{"line":38,"column":6},"end":{"line":38,"column":71}},"13":{"start":{"line":43,"column":19},"end":{"line":43,"column":29}},"14":{"start":{"line":45,"column":4},"end":{"line":51,"column":5}},"15":{"start":{"line":46,"column":19},"end":{"line":46,"column":42}},"16":{"start":{"line":47,"column":6},"end":{"line":47,"column":35}},"17":{"start":{"line":48,"column":6},"end":{"line":48,"column":48}},"18":{"start":{"line":50,"column":6},"end":{"line":50,"column":71}},"19":{"start":{"line":55,"column":4},"end":{"line":62,"column":5}},"20":{"start":{"line":56,"column":19},"end":{"line":56,"column":42}},"21":{"start":{"line":57,"column":22},"end":{"line":57,"column":46}},"22":{"start":{"line":59,"column":6},"end":{"line":59,"column":57}},"23":{"start":{"line":61,"column":6},"end":{"line":61,"column":71}}},"fnMap":{"0":{"name":"(anonymous_0)","decl":{"start":{"line":6,"column":2},"end":{"line":6,"column":3}},"loc":{"start":{"line":6,"column":25},"end":{"line":21,"column":3}},"line":6},"1":{"name":"(anonymous_1)","decl":{"start":{"line":23,"column":2},"end":{"line":23,"column":3}},"loc":{"start":{"line":23,"column":25},"end":{"line":40,"column":3}},"line":23},"2":{"name":"(anonymous_2)","decl":{"start":{"line":42,"column":2},"end":{"line":42,"column":3}},"loc":{"start":{"line":42,"column":25},"end":{"line":52,"column":3}},"line":42},"3":{"name":"(anonymous_3)","decl":{"start":{"line":54,"column":2},"end":{"line":54,"column":3}},"loc":{"start":{"line":54,"column":23},"end":{"line":63,"column":3}},"line":54}},"branchMap":{},"s":{"0":2,"1":2,"2":2,"3":2,"4":1,"5":1,"6":2,"7":2,"8":2,"9":2,"10":2,"11":1,"12":1,"13":2,"14":2,"15":2,"16":2,"17":1,"18":1,"19":2,"20":2,"21":2,"22":1,"23":1},"f":{"0":2,"1":2,"2":2,"3":2},"b":{},"_coverageSchema":"1a1c01bbd47fc00a2c39e90264f33305004495a9","hash":"d6afafc5b8de28f2f976d47f0c8fa7124bbd3db0"}
,"/home/joao/code/testJB/src/database/index.js": {"path":"/home/joao/code/testJB/src/database/index.js","statementMap":{"0":{"start":{"line":3,"column":17},"end":{"line":3,"column":35}},"1":{"start":{"line":5,"column":0},"end":{"line":7,"column":46}},"2":{"start":{"line":7,"column":14},"end":{"line":7,"column":44}}},"fnMap":{"0":{"name":"(anonymous_0)","decl":{"start":{"line":7,"column":8},"end":{"line":7,"column":9}},"loc":{"start":{"line":7,"column":14},"end":{"line":7,"column":44}},"line":7}},"branchMap":{},"s":{"0":2,"1":2,"2":0},"f":{"0":0},"b":{},"_coverageSchema":"1a1c01bbd47fc00a2c39e90264f33305004495a9","hash":"7631dc315eab48a47bb8eca3dc50f10af48f0c0b"}
,"/home/joao/code/testJB/src/repositories/productRepository.js": {"path":"/home/joao/code/testJB/src/repositories/productRepository.js","statementMap":{"0":{"start":{"line":7,"column":4},"end":{"line":14,"column":5}},"1":{"start":{"line":8,"column":6},"end":{"line":10,"column":7}},"2":{"start":{"line":9,"column":8},"end":{"line":9,"column":40}},"3":{"start":{"line":11,"column":6},"end":{"line":11,"column":37}},"4":{"start":{"line":13,"column":6},"end":{"line":13,"column":37}},"5":{"start":{"line":18,"column":4},"end":{"line":22,"column":5}},"6":{"start":{"line":19,"column":6},"end":{"line":19,"column":43}},"7":{"start":{"line":21,"column":6},"end":{"line":21,"column":37}},"8":{"start":{"line":26,"column":4},"end":{"line":36,"column":5}},"9":{"start":{"line":27,"column":29},"end":{"line":27,"column":71}},"10":{"start":{"line":29,"column":6},"end":{"line":29,"column":59}},"11":{"start":{"line":29,"column":24},"end":{"line":29,"column":59}},"12":{"start":{"line":30,"column":6},"end":{"line":30,"column":62}},"13":{"start":{"line":30,"column":25},"end":{"line":30,"column":62}},"14":{"start":{"line":31,"column":6},"end":{"line":31,"column":62}},"15":{"start":{"line":31,"column":25},"end":{"line":31,"column":62}},"16":{"start":{"line":32,"column":6},"end":{"line":32,"column":34}},"17":{"start":{"line":33,"column":6},"end":{"line":33,"column":28}},"18":{"start":{"line":35,"column":6},"end":{"line":35,"column":37}},"19":{"start":{"line":40,"column":4},"end":{"line":44,"column":5}},"20":{"start":{"line":41,"column":6},"end":{"line":41,"column":36}},"21":{"start":{"line":43,"column":6},"end":{"line":43,"column":37}}},"fnMap":{"0":{"name":"(anonymous_0)","decl":{"start":{"line":6,"column":2},"end":{"line":6,"column":3}},"loc":{"start":{"line":6,"column":31},"end":{"line":15,"column":3}},"line":6},"1":{"name":"(anonymous_1)","decl":{"start":{"line":17,"column":2},"end":{"line":17,"column":3}},"loc":{"start":{"line":17,"column":26},"end":{"line":23,"column":3}},"line":17},"2":{"name":"(anonymous_2)","decl":{"start":{"line":25,"column":2},"end":{"line":25,"column":3}},"loc":{"start":{"line":25,"column":31},"end":{"line":37,"column":3}},"line":25},"3":{"name":"(anonymous_3)","decl":{"start":{"line":39,"column":2},"end":{"line":39,"column":3}},"loc":{"start":{"line":39,"column":22},"end":{"line":45,"column":3}},"line":39}},"branchMap":{"0":{"loc":{"start":{"line":8,"column":6},"end":{"line":10,"column":7}},"type":"if","locations":[{"start":{"line":8,"column":6},"end":{"line":10,"column":7}},{"start":{},"end":{}}],"line":8},"1":{"loc":{"start":{"line":8,"column":10},"end":{"line":8,"column":59}},"type":"binary-expr","locations":[{"start":{"line":8,"column":10},"end":{"line":8,"column":23}},{"start":{"line":8,"column":27},"end":{"line":8,"column":41}},{"start":{"line":8,"column":45},"end":{"line":8,"column":59}}],"line":8},"2":{"loc":{"start":{"line":29,"column":6},"end":{"line":29,"column":59}},"type":"if","locations":[{"start":{"line":29,"column":6},"end":{"line":29,"column":59}},{"start":{},"end":{}}],"line":29},"3":{"loc":{"start":{"line":30,"column":6},"end":{"line":30,"column":62}},"type":"if","locations":[{"start":{"line":30,"column":6},"end":{"line":30,"column":62}},{"start":{},"end":{}}],"line":30},"4":{"loc":{"start":{"line":31,"column":6},"end":{"line":31,"column":62}},"type":"if","locations":[{"start":{"line":31,"column":6},"end":{"line":31,"column":62}},{"start":{},"end":{}}],"line":31}},"s":{"0":3,"1":3,"2":1,"3":2,"4":1,"5":3,"6":3,"7":1,"8":2,"9":2,"10":1,"11":1,"12":1,"13":1,"14":1,"15":1,"16":1,"17":1,"18":1,"19":2,"20":2,"21":1},"f":{"0":3,"1":3,"2":2,"3":2},"b":{"0":[1,2],"1":[3,2,2],"2":[1,0],"3":[1,0],"4":[1,0]},"_coverageSchema":"1a1c01bbd47fc00a2c39e90264f33305004495a9","hash":"9999fcfdafa9516d68d619a1237ce42b4a6aee4d"}
,"/home/joao/code/testJB/src/schema/productSchema.js": {"path":"/home/joao/code/testJB/src/schema/productSchema.js","statementMap":{"0":{"start":{"line":3,"column":22},"end":{"line":14,"column":2}},"1":{"start":{"line":16,"column":16},"end":{"line":16,"column":56}}},"fnMap":{},"branchMap":{},"s":{"0":2,"1":2},"f":{},"b":{},"_coverageSchema":"1a1c01bbd47fc00a2c39e90264f33305004495a9","hash":"e225acef1e5f06e70e516a22dfe6d57a60d05f46"}
}
