TN:
SF:src/controllers/productController.js
FN:6,(anonymous_0)
FN:23,(anonymous_1)
FN:42,(anonymous_2)
FN:54,(anonymous_3)
FNF:4
FNH:4
FNDA:2,(anonymous_0)
FNDA:2,(anonymous_1)
FNDA:2,(anonymous_2)
FNDA:2,(anonymous_3)
DA:7,2
DA:9,2
DA:10,2
DA:11,2
DA:17,1
DA:19,1
DA:24,2
DA:25,2
DA:27,2
DA:28,2
DA:29,2
DA:36,1
DA:38,1
DA:43,2
DA:45,2
DA:46,2
DA:47,2
DA:48,1
DA:50,1
DA:55,2
DA:56,2
DA:57,2
DA:59,1
DA:61,1
LF:24
LH:24
BRF:0
BRH:0
end_of_record
TN:
SF:src/database/index.js
FN:7,(anonymous_0)
FNF:1
FNH:0
FNDA:0,(anonymous_0)
DA:3,1
DA:5,1
DA:7,0
LF:3
LH:2
BRF:0
BRH:0
end_of_record
TN:
SF:src/repositories/productRepository.js
FN:6,(anonymous_0)
FN:10,(anonymous_1)
FN:17,(anonymous_2)
FN:27,(anonymous_3)
FN:41,(anonymous_4)
FNF:5
FNH:2
FNDA:8,(anonymous_0)
FNDA:0,(anonymous_1)
FNDA:1,(anonymous_2)
FNDA:0,(anonymous_3)
FNDA:0,(anonymous_4)
DA:7,8
DA:11,0
DA:12,0
DA:14,0
DA:18,1
DA:19,1
DA:20,1
DA:21,1
DA:23,0
DA:28,0
DA:29,0
DA:31,0
DA:32,0
DA:33,0
DA:34,0
DA:35,0
DA:37,0
DA:42,0
DA:43,0
DA:45,0
LF:20
LH:5
BRDA:11,0,0,0
BRDA:11,0,1,0
BRDA:11,1,0,0
BRDA:11,1,1,0
BRDA:11,1,2,0
BRDA:21,2,0,0
BRDA:21,2,1,1
BRDA:31,3,0,0
BRDA:31,3,1,0
BRDA:32,4,0,0
BRDA:32,4,1,0
BRDA:33,5,0,0
BRDA:33,5,1,0
BRF:13
BRH:1
end_of_record
TN:
SF:src/schema/productSchema.js
FNF:0
FNH:0
DA:3,1
DA:16,1
LF:2
LH:2
BRF:0
BRH:0
end_of_record
