TN:
SF:src/controllers/productController.js
FN:6,(anonymous_0)
FN:23,(anonymous_1)
FN:42,(anonymous_2)
FN:54,(anonymous_3)
FNF:4
FNH:4
FNDA:2,(anonymous_0)
FNDA:2,(anonymous_1)
FNDA:2,(anonymous_2)
FNDA:2,(anonymous_3)
DA:7,2
DA:9,2
DA:10,2
DA:11,2
DA:17,1
DA:19,1
DA:24,2
DA:25,2
DA:27,2
DA:28,2
DA:29,2
DA:36,1
DA:38,1
DA:43,2
DA:45,2
DA:46,2
DA:47,2
DA:48,1
DA:50,1
DA:55,2
DA:56,2
DA:57,2
DA:59,1
DA:61,1
LF:24
LH:24
BRF:0
BRH:0
end_of_record
TN:
SF:src/database/index.js
FN:7,(anonymous_0)
FNF:1
FNH:0
FNDA:0,(anonymous_0)
DA:3,2
DA:5,2
DA:7,0
LF:3
LH:2
BRF:0
BRH:0
end_of_record
TN:
SF:src/repositories/productRepository.js
FN:6,(anonymous_0)
FN:17,(anonymous_1)
FN:25,(anonymous_2)
FN:39,(anonymous_3)
FNF:4
FNH:4
FNDA:3,(anonymous_0)
FNDA:3,(anonymous_1)
FNDA:2,(anonymous_2)
FNDA:2,(anonymous_3)
DA:7,3
DA:8,3
DA:9,1
DA:11,2
DA:13,1
DA:18,3
DA:19,3
DA:21,1
DA:26,2
DA:27,2
DA:29,1
DA:30,1
DA:31,1
DA:32,1
DA:33,1
DA:35,1
DA:40,2
DA:41,2
DA:43,1
LF:19
LH:19
BRDA:8,0,0,1
BRDA:8,0,1,2
BRDA:8,1,0,3
BRDA:8,1,1,2
BRDA:8,1,2,2
BRDA:29,2,0,1
BRDA:29,2,1,0
BRDA:30,3,0,1
BRDA:30,3,1,0
BRDA:31,4,0,1
BRDA:31,4,1,0
BRF:11
BRH:8
end_of_record
TN:
SF:src/schema/productSchema.js
FNF:0
FNH:0
DA:3,2
DA:16,2
LF:2
LH:2
BRF:0
BRH:0
end_of_record
